2020-02-24 15:59:08 +0000  Initial pipeline context: <IDEDistributionProcessingPipelineContext: 0x7f8ff79f7b50; archive(resolved)='<IDEArchive: 0x7f90126853f0>', distributionTask(resolved)='2', distributionDestination(resolved)='1', distributionMethod(resolved)='<IDEDistributionMethodiOSAppStoreDistribution: 0x7f901f437fd0>', team(resolved)='<IDEProvisioningDisambiguatableBasicTeam: 0x7f8ff79e4e00; teamID='88P7HZBFT9', teamName='Ternio, LLC ( U.S. )', teamType='Company', username='dddu88@hotmail.com', isFreeProvisioningTeam='0'>'>
	Chain (12, self inclusive):
	<IDEDistributionProcessingPipelineContext: 0x7f8ff79f7b50; archive = '<IDEArchive: 0x7f90126853f0>', distributionMethod='<IDEDistributionMethodiOSAppStoreDistribution: 0x7f901f437fd0>', team='<IDEProvisioningDisambiguatableBasicTeam: 0x7f8ff79e4e00; teamID='88P7HZBFT9', teamName='Ternio, LLC ( U.S. )', teamType='Company', username='dddu88@hotmail.com', isFreeProvisioningTeam='0'>'>
	<IDEDistributionProcessingPipelineContext: 0x7f90115ae460; archive = '<IDEArchive: 0x7f90126853f0>', distributionMethod='<IDEDistributionMethodiOSAppStoreDistribution: 0x7f901f437fd0>', team='<IDEProvisioningDisambiguatableBasicTeam: 0x7f8ff79e4e00; teamID='88P7HZBFT9', teamName='Ternio, LLC ( U.S. )', teamType='Company', username='dddu88@hotmail.com', isFreeProvisioningTeam='0'>'>
	<IDEDistributionContext: 0x7f8ff864e6a0; archive = '<IDEArchive: 0x7f90126853f0>', distributionMethod='<IDEDistributionMethodiOSAppStoreDistribution: 0x7f901f437fd0>', team='<IDEProvisioningDisambiguatableBasicTeam: 0x7f8ff79e4e00; teamID='88P7HZBFT9', teamName='Ternio, LLC ( U.S. )', teamType='Company', username='dddu88@hotmail.com', isFreeProvisioningTeam='0'>'>
	<IDEDistributionContext: 0x7f8ff79e5690; archive = '<IDEArchive: 0x7f90126853f0>', distributionMethod='<IDEDistributionMethodiOSAppStoreDistribution: 0x7f901f437fd0>', team='<IDEProvisioningDisambiguatableBasicTeam: 0x7f8ff79e4e00; teamID='88P7HZBFT9', teamName='Ternio, LLC ( U.S. )', teamType='Company', username='dddu88@hotmail.com', isFreeProvisioningTeam='0'>'>
	<IDEDistributionContext: 0x7f8ff772cba0; archive = '<IDEArchive: 0x7f90126853f0>', distributionMethod='<IDEDistributionMethodiOSAppStoreDistribution: 0x7f901f437fd0>', team='<IDEProvisioningDisambiguatableBasicTeam: 0x7f8ff79e4e00; teamID='88P7HZBFT9', teamName='Ternio, LLC ( U.S. )', teamType='Company', username='dddu88@hotmail.com', isFreeProvisioningTeam='0'>'>
	<IDEDistributionContext: 0x7f900a88b8a0; archive = '<IDEArchive: 0x7f90126853f0>', distributionMethod='<IDEDistributionMethodiOSAppStoreDistribution: 0x7f901f437fd0>', team='<IDEProvisioningDisambiguatableBasicTeam: 0x7f8ff79e4e00; teamID='88P7HZBFT9', teamName='Ternio, LLC ( U.S. )', teamType='Company', username='dddu88@hotmail.com', isFreeProvisioningTeam='0'>'>
	<IDEDistributionContext: 0x7f8ff8caf720; archive = '<IDEArchive: 0x7f90126853f0>', distributionMethod='<IDEDistributionMethodiOSAppStoreDistribution: 0x7f901f437fd0>', team='<IDEProvisioningDisambiguatableBasicTeam: 0x7f8ff79e4e00; teamID='88P7HZBFT9', teamName='Ternio, LLC ( U.S. )', teamType='Company', username='dddu88@hotmail.com', isFreeProvisioningTeam='0'>'>
	<IDEDistributionContext: 0x7f900efcda10; archive = '<IDEArchive: 0x7f90126853f0>', distributionMethod='<IDEDistributionMethodiOSAppStoreDistribution: 0x7f901f437fd0>', team='<IDEProvisioningDisambiguatableBasicTeam: 0x7f8ff79e4e00; teamID='88P7HZBFT9', teamName='Ternio, LLC ( U.S. )', teamType='Company', username='dddu88@hotmail.com', isFreeProvisioningTeam='0'>'>
	<IDEDistributionContext: 0x7f9012903580; archive = '<IDEArchive: 0x7f90126853f0>', distributionMethod='<IDEDistributionMethodiOSAppStoreDistribution: 0x7f901f437fd0>', team='<IDEProvisioningDisambiguatableBasicTeam: 0x7f8ff79e4e00; teamID='88P7HZBFT9', teamName='Ternio, LLC ( U.S. )', teamType='Company', username='dddu88@hotmail.com', isFreeProvisioningTeam='0'>'>
	<IDEDistributionContext: 0x7f8ff7080170; archive = '<IDEArchive: 0x7f90126853f0>', distributionMethod='<IDEDistributionMethodiOSAppStoreDistribution: 0x7f901f437fd0>', team='(null)'>
	<IDEDistributionContext: 0x7f8ff70f3000; archive = '<IDEArchive: 0x7f90126853f0>', distributionMethod='<IDEDistributionMethodiOSAppStoreDistribution: 0x7f901f437fd0>', team='(null)'>
	<IDEDistributionContext: 0x7f8ff78a64e0; archive = '<IDEArchive: 0x7f90126853f0>', distributionMethod='(null)', team='(null)'>
</IDEDistributionProcessingPipelineContext: 0x7f8ff79f7b50>
2020-02-24 15:59:08 +0000  Processing step: IDEDistributionCreateDestRootStep
2020-02-24 15:59:08 +0000  Processing step: IDEDistributionCopyItemStep
2020-02-24 15:59:08 +0000  Running /usr/bin/ditto '-V' '/Users/t2349/Library/Developer/Xcode/Archives/2020-02-24/icoin 2-24-20, 10.53 AM.xcarchive/Products/Applications/TERNWallet.app' '/var/folders/29/xcbl6q4d72v8y5wmrk12d64497njfc/T/XcodeDistPipeline.~~~bSfYEf/Root/Payload/TERNWallet.app'
2020-02-24 15:59:08 +0000  >>> Copying /Users/t2349/Library/Developer/Xcode/Archives/2020-02-24/icoin 2-24-20, 10.53 AM.xcarchive/Products/Applications/TERNWallet.app 
2020-02-24 15:59:08 +0000  copying file ./_CodeSignature/CodeResources ... 
2020-02-24 15:59:08 +0000  37397 bytes for ./_CodeSignature/CodeResources
2020-02-24 15:59:08 +0000  copying file ./Octicons.ttf ... 
2020-02-24 15:59:08 +0000  27520 bytes for ./Octicons.ttf
copying file ./Feather.ttf ... 
2020-02-24 15:59:08 +0000  55288 bytes for ./Feather.ttf
2020-02-24 15:59:08 +0000  copying file ./AppIcon20x20@2x.png ... 
2020-02-24 15:59:08 +0000  2592 bytes for ./AppIcon20x20@2x.png
copying file ./Entypo.ttf ... 
2020-02-24 15:59:08 +0000  65584 bytes for ./Entypo.ttf
2020-02-24 15:59:08 +0000  copying file ./AppIcon20x20@3x.png ... 
2020-02-24 15:59:08 +0000  5158 bytes for ./AppIcon20x20@3x.png
copying file ./TERNWallet ... 
2020-02-24 15:59:08 +0000  41063392 bytes for ./TERNWallet
copying file ./MaterialCommunityIcons.ttf ... 
2020-02-24 15:59:08 +0000  322456 bytes for ./MaterialCommunityIcons.ttf
2020-02-24 15:59:08 +0000  copying file ./AppIcon60x60@2x.png ... 
2020-02-24 15:59:08 +0000  18437 bytes for ./AppIcon60x60@2x.png
copying file ./AppIcon29x29@2x.png ... 
2020-02-24 15:59:08 +0000  4829 bytes for ./AppIcon29x29@2x.png
2020-02-24 15:59:08 +0000  copying file ./Launch Screen.storyboardc/01J-lp-oVM-view-Ze5-6b-2t3.nib/objects-13.0+.nib ... 
2020-02-24 15:59:08 +0000  1651 bytes for ./Launch Screen.storyboardc/01J-lp-oVM-view-Ze5-6b-2t3.nib/objects-13.0+.nib
copying file ./Launch Screen.storyboardc/01J-lp-oVM-view-Ze5-6b-2t3.nib/runtime.nib ... 
2020-02-24 15:59:08 +0000  2472 bytes for ./Launch Screen.storyboardc/01J-lp-oVM-view-Ze5-6b-2t3.nib/runtime.nib
2020-02-24 15:59:08 +0000  copying file ./Launch Screen.storyboardc/UIViewController-01J-lp-oVM.nib/objects-13.0+.nib ... 
2020-02-24 15:59:08 +0000  896 bytes for ./Launch Screen.storyboardc/UIViewController-01J-lp-oVM.nib/objects-13.0+.nib
2020-02-24 15:59:08 +0000  copying file ./Launch Screen.storyboardc/UIViewController-01J-lp-oVM.nib/runtime.nib ... 
2020-02-24 15:59:08 +0000  896 bytes for ./Launch Screen.storyboardc/UIViewController-01J-lp-oVM.nib/runtime.nib
2020-02-24 15:59:08 +0000  copying file ./Launch Screen.storyboardc/Info.plist ... 
2020-02-24 15:59:08 +0000  258 bytes for ./Launch Screen.storyboardc/Info.plist
2020-02-24 15:59:08 +0000  copying file ./AppIcon40x40@3x.png ... 
2020-02-24 15:59:08 +0000  18437 bytes for ./AppIcon40x40@3x.png
copying file ./Foundation.ttf ... 
2020-02-24 15:59:08 +0000  56976 bytes for ./Foundation.ttf
2020-02-24 15:59:08 +0000  copying file ./Ionicons.ttf ... 
2020-02-24 15:59:08 +0000  143936 bytes for ./Ionicons.ttf
copying file ./AppIcon40x40@2x.png ... 
2020-02-24 15:59:08 +0000  8798 bytes for ./AppIcon40x40@2x.png
2020-02-24 15:59:08 +0000  copying file ./AppIcon29x29@3x.png ... 
2020-02-24 15:59:08 +0000  10267 bytes for ./AppIcon29x29@3x.png
copying file ./AppIcon60x60@3x.png ... 
2020-02-24 15:59:08 +0000  39144 bytes for ./AppIcon60x60@3x.png
copying file ./FontAwesome.ttf ... 
2020-02-24 15:59:08 +0000  165548 bytes for ./FontAwesome.ttf
copying file ./Zocial.ttf ... 
2020-02-24 15:59:08 +0000  25552 bytes for ./Zocial.ttf
copying file ./Assets.car ... 
2020-02-24 15:59:08 +0000  1998256 bytes for ./Assets.car
copying file ./EvilIcons.ttf ... 
2020-02-24 15:59:08 +0000  13128 bytes for ./EvilIcons.ttf
2020-02-24 15:59:08 +0000  copying file ./main.jsbundle ... 
2020-02-24 15:59:08 +0000  4064109 bytes for ./main.jsbundle
2020-02-24 15:59:08 +0000  copying file ./SimpleLineIcons.ttf ... 
2020-02-24 15:59:08 +0000  54056 bytes for ./SimpleLineIcons.ttf
2020-02-24 15:59:08 +0000  copying file ./embedded.mobileprovision ... 
2020-02-24 15:59:08 +0000  7450 bytes for ./embedded.mobileprovision
2020-02-24 15:59:08 +0000  copying file ./assets/node_modules/elliptic/package.json ... 
2020-02-24 15:59:08 +0000  3014 bytes for ./assets/node_modules/elliptic/package.json
2020-02-24 15:59:08 +0000  copying file ./assets/node_modules/css-tree/dist/default-syntax.json ... 
2020-02-24 15:59:08 +0000  57784 bytes for ./assets/node_modules/css-tree/dist/default-syntax.json
2020-02-24 15:59:08 +0000  copying file ./assets/node_modules/bitcoin-ops/index.json ... 
2020-02-24 15:59:08 +0000  2309 bytes for ./assets/node_modules/bitcoin-ops/index.json
2020-02-24 15:59:08 +0000  copying file ./assets/node_modules/diffie-hellman/lib/primes.json ... 
2020-02-24 15:59:08 +0000  7231 bytes for ./assets/node_modules/diffie-hellman/lib/primes.json
2020-02-24 15:59:08 +0000  copying file ./assets/node_modules/react-navigation-stack/lib/module/vendor/views/assets/back-icon@3x.png ... 
2020-02-24 15:59:08 +0000  761 bytes for ./assets/node_modules/react-navigation-stack/lib/module/vendor/views/assets/back-icon@3x.png
copying file ./assets/node_modules/react-navigation-stack/lib/module/vendor/views/assets/back-icon@2x.png ... 
2020-02-24 15:59:08 +0000  405 bytes for ./assets/node_modules/react-navigation-stack/lib/module/vendor/views/assets/back-icon@2x.png
2020-02-24 15:59:08 +0000  copying file ./assets/node_modules/react-navigation-stack/lib/module/vendor/views/assets/back-icon.png ... 
2020-02-24 15:59:08 +0000  290 bytes for ./assets/node_modules/react-navigation-stack/lib/module/vendor/views/assets/back-icon.png
2020-02-24 15:59:08 +0000  copying file ./assets/node_modules/react-navigation-stack/lib/module/vendor/views/assets/back-icon-mask.png ... 
2020-02-24 15:59:08 +0000  913 bytes for ./assets/node_modules/react-navigation-stack/lib/module/vendor/views/assets/back-icon-mask.png
2020-02-24 15:59:08 +0000  copying file ./assets/node_modules/react-native-vector-icons/dist/glyphmaps/Ionicons.json ... 
2020-02-24 15:59:08 +0000  25293 bytes for ./assets/node_modules/react-native-vector-icons/dist/glyphmaps/Ionicons.json
copying file ./assets/node_modules/react-native-vector-icons/dist/glyphmaps/EvilIcons.json ... 
2020-02-24 15:59:08 +0000  1454 bytes for ./assets/node_modules/react-native-vector-icons/dist/glyphmaps/EvilIcons.json
copying file ./assets/node_modules/react-native-vector-icons/dist/glyphmaps/Octicons.json ... 
2020-02-24 15:59:08 +0000  3813 bytes for ./assets/node_modules/react-native-vector-icons/dist/glyphmaps/Octicons.json
2020-02-24 15:59:08 +0000  copying file ./assets/node_modules/react-native-vector-icons/dist/glyphmaps/FontAwesome.json ... 
2020-02-24 15:59:08 +0000  17437 bytes for ./assets/node_modules/react-native-vector-icons/dist/glyphmaps/FontAwesome.json
copying file ./assets/node_modules/react-native-vector-icons/dist/glyphmaps/MaterialIcons.json ... 
2020-02-24 15:59:08 +0000  22815 bytes for ./assets/node_modules/react-native-vector-icons/dist/glyphmaps/MaterialIcons.json
copying file ./assets/node_modules/react-native-vector-icons/dist/glyphmaps/Entypo.json ... 
2020-02-24 15:59:08 +0000  9486 bytes for ./assets/node_modules/react-native-vector-icons/dist/glyphmaps/Entypo.json
copying file ./assets/node_modules/react-native-vector-icons/dist/glyphmaps/Feather.json ... 
2020-02-24 15:59:08 +0000  5086 bytes for ./assets/node_modules/react-native-vector-icons/dist/glyphmaps/Feather.json
2020-02-24 15:59:08 +0000  copying file ./assets/node_modules/react-native-vector-icons/dist/glyphmaps/MaterialCommunityIcons.json ... 
2020-02-24 15:59:08 +0000  56795 bytes for ./assets/node_modules/react-native-vector-icons/dist/glyphmaps/MaterialCommunityIcons.json
copying file ./assets/node_modules/react-native-vector-icons/dist/glyphmaps/Foundation.json ... 
2020-02-24 15:59:08 +0000  6417 bytes for ./assets/node_modules/react-native-vector-icons/dist/glyphmaps/Foundation.json
2020-02-24 15:59:08 +0000  copying file ./assets/node_modules/react-native-vector-icons/dist/glyphmaps/Zocial.json ... 
2020-02-24 15:59:08 +0000  2013 bytes for ./assets/node_modules/react-native-vector-icons/dist/glyphmaps/Zocial.json
copying file ./assets/node_modules/react-native-vector-icons/glyphmaps/SimpleLineIcons.json ... 
2020-02-24 15:59:08 +0000  4102 bytes for ./assets/node_modules/react-native-vector-icons/glyphmaps/SimpleLineIcons.json
2020-02-24 15:59:08 +0000  copying file ./assets/node_modules/browserify-sign/browser/curves.json ... 
2020-02-24 15:59:08 +0000  178 bytes for ./assets/node_modules/browserify-sign/browser/curves.json
2020-02-24 15:59:08 +0000  copying file ./assets/node_modules/browserify-sign/browser/algorithms.json ... 
2020-02-24 15:59:08 +0000  2863 bytes for ./assets/node_modules/browserify-sign/browser/algorithms.json
2020-02-24 15:59:08 +0000  copying file ./assets/node_modules/parse-asn1/aesid.json ... 
2020-02-24 15:59:08 +0000  501 bytes for ./assets/node_modules/parse-asn1/aesid.json
2020-02-24 15:59:08 +0000  copying file ./assets/node_modules/browserify-aes/modes/list.json ... 
2020-02-24 15:59:08 +0000  3087 bytes for ./assets/node_modules/browserify-aes/modes/list.json
2020-02-24 15:59:08 +0000  copying file ./assets/node_modules/react-native-dropdownalert/assets/info.png ... 
2020-02-24 15:59:08 +0000  485 bytes for ./assets/node_modules/react-native-dropdownalert/assets/info.png
2020-02-24 15:59:08 +0000  copying file ./assets/node_modules/react-native-dropdownalert/assets/error@3x.png ... 
2020-02-24 15:59:08 +0000  1500 bytes for ./assets/node_modules/react-native-dropdownalert/assets/error@3x.png
copying file ./assets/node_modules/react-native-dropdownalert/assets/warn@3x.png ... 
2020-02-24 15:59:08 +0000  691 bytes for ./assets/node_modules/react-native-dropdownalert/assets/warn@3x.png
2020-02-24 15:59:08 +0000  copying file ./assets/node_modules/react-native-dropdownalert/assets/warn@2x.png ... 
2020-02-24 15:59:08 +0000  473 bytes for ./assets/node_modules/react-native-dropdownalert/assets/warn@2x.png
copying file ./assets/node_modules/react-native-dropdownalert/assets/error@2x.png ... 
2020-02-24 15:59:08 +0000  979 bytes for ./assets/node_modules/react-native-dropdownalert/assets/error@2x.png
2020-02-24 15:59:08 +0000  copying file ./assets/node_modules/react-native-dropdownalert/assets/info@3x.png ... 
2020-02-24 15:59:08 +0000  1483 bytes for ./assets/node_modules/react-native-dropdownalert/assets/info@3x.png
copying file ./assets/node_modules/react-native-dropdownalert/assets/cancel@3x.png ... 
2020-02-24 15:59:08 +0000  1119 bytes for ./assets/node_modules/react-native-dropdownalert/assets/cancel@3x.png
2020-02-24 15:59:08 +0000  copying file ./assets/node_modules/react-native-dropdownalert/assets/cancel.png ... 
2020-02-24 15:59:08 +0000  414 bytes for ./assets/node_modules/react-native-dropdownalert/assets/cancel.png
2020-02-24 15:59:08 +0000  copying file ./assets/node_modules/react-native-dropdownalert/assets/success@2x.png ... 
2020-02-24 15:59:08 +0000  734 bytes for ./assets/node_modules/react-native-dropdownalert/assets/success@2x.png
2020-02-24 15:59:08 +0000  copying file ./assets/node_modules/react-native-dropdownalert/assets/success@3x.png ... 
2020-02-24 15:59:08 +0000  1028 bytes for ./assets/node_modules/react-native-dropdownalert/assets/success@3x.png
copying file ./assets/node_modules/react-native-dropdownalert/assets/cancel@2x.png ... 
2020-02-24 15:59:08 +0000  754 bytes for ./assets/node_modules/react-native-dropdownalert/assets/cancel@2x.png
2020-02-24 15:59:08 +0000  copying file ./assets/node_modules/react-native-dropdownalert/assets/info@2x.png ... 
2020-02-24 15:59:08 +0000  953 bytes for ./assets/node_modules/react-native-dropdownalert/assets/info@2x.png
copying file ./assets/node_modules/react-native-dropdownalert/assets/error.png ... 
2020-02-24 15:59:08 +0000  492 bytes for ./assets/node_modules/react-native-dropdownalert/assets/error.png
2020-02-24 15:59:08 +0000  copying file ./assets/node_modules/react-native-dropdownalert/assets/success.png ... 
2020-02-24 15:59:08 +0000  459 bytes for ./assets/node_modules/react-native-dropdownalert/assets/success.png
copying file ./assets/node_modules/react-native-dropdownalert/assets/warn.png ... 
2020-02-24 15:59:08 +0000  325 bytes for ./assets/node_modules/react-native-dropdownalert/assets/warn.png
2020-02-24 15:59:08 +0000  copying file ./assets/node_modules/react-native-svg/node_modules/css-select/lib/procedure.json ... 
2020-02-24 15:59:08 +0000  145 bytes for ./assets/node_modules/react-native-svg/node_modules/css-select/lib/procedure.json
2020-02-24 15:59:08 +0000  copying file ./assets/node_modules/entities/maps/xml.json ... 
2020-02-24 15:59:08 +0000  53 bytes for ./assets/node_modules/entities/maps/xml.json
2020-02-24 15:59:08 +0000  copying file ./assets/node_modules/entities/maps/decode.json ... 
2020-02-24 15:59:08 +0000  298 bytes for ./assets/node_modules/entities/maps/decode.json
2020-02-24 15:59:08 +0000  copying file ./assets/node_modules/entities/maps/entities.json ... 
2020-02-24 15:59:08 +0000  40616 bytes for ./assets/node_modules/entities/maps/entities.json
copying file ./assets/node_modules/entities/maps/legacy.json ... 
2020-02-24 15:59:08 +0000  1747 bytes for ./assets/node_modules/entities/maps/legacy.json
2020-02-24 15:59:08 +0000  copying file ./assets/node_modules/tiny-secp256k1/node_modules/elliptic/package.json ... 
3177 bytes for ./assets/node_modules/tiny-secp256k1/node_modules/elliptic/package.json
2020-02-24 15:59:08 +0000  copying file ./assets/src/common/constants/usdtabi.json ... 
17459 bytes for ./assets/src/common/constants/usdtabi.json
copying file ./assets/src/assets/sponsor.png ... 
1087 bytes for ./assets/src/assets/sponsor.png
copying file ./assets/src/assets/check.png ... 
10521 bytes for ./assets/src/assets/check.png
2020-02-24 15:59:08 +0000  copying file ./assets/src/assets/blockcard2.png ... 
2020-02-24 15:59:08 +0000  900252 bytes for ./assets/src/assets/blockcard2.png
2020-02-24 15:59:08 +0000  copying file ./assets/src/assets/background2.png ... 
2020-02-24 15:59:08 +0000  264344 bytes for ./assets/src/assets/background2.png
2020-02-24 15:59:08 +0000  copying file ./assets/src/assets/keepsecret.png ... 
2020-02-24 15:59:08 +0000  939 bytes for ./assets/src/assets/keepsecret.png
copying file ./assets/src/assets/ch.png ... 
2020-02-24 15:59:08 +0000  17226 bytes for ./assets/src/assets/ch.png
2020-02-24 15:59:08 +0000  copying file ./assets/src/assets/icoin.png ... 
2020-02-24 15:59:08 +0000  3685 bytes for ./assets/src/assets/icoin.png
copying file ./assets/src/assets/getpay.png ... 
2020-02-24 15:59:08 +0000  2371 bytes for ./assets/src/assets/getpay.png
2020-02-24 15:59:08 +0000  copying file ./assets/src/assets/charge.png ... 
2020-02-24 15:59:08 +0000  147596 bytes for ./assets/src/assets/charge.png
2020-02-24 15:59:08 +0000  copying file ./assets/src/assets/lock.png ... 
2020-02-24 15:59:08 +0000  1158 bytes for ./assets/src/assets/lock.png
copying file ./assets/src/assets/tern.png ... 
2020-02-24 15:59:08 +0000  7314 bytes for ./assets/src/assets/tern.png
2020-02-24 15:59:08 +0000  copying file ./assets/src/assets/back-icon.png ... 
2020-02-24 15:59:08 +0000  816 bytes for ./assets/src/assets/back-icon.png
2020-02-24 15:59:08 +0000  copying file ./assets/src/assets/xlm.png ... 
2020-02-24 15:59:08 +0000  4251 bytes for ./assets/src/assets/xlm.png
2020-02-24 15:59:08 +0000  copying file ./assets/src/assets/en.png ... 
2020-02-24 15:59:08 +0000  70282 bytes for ./assets/src/assets/en.png
2020-02-24 15:59:08 +0000  copying file ./assets/src/assets/eth2.png ... 
2020-02-24 15:59:08 +0000  2867 bytes for ./assets/src/assets/eth2.png
2020-02-24 15:59:08 +0000  copying file ./assets/src/assets/usdteth.png ... 
2020-02-24 15:59:08 +0000  1224 bytes for ./assets/src/assets/usdteth.png
2020-02-24 15:59:08 +0000  copying file ./assets/src/assets/eth.png ... 
2020-02-24 15:59:08 +0000  2851 bytes for ./assets/src/assets/eth.png
2020-02-24 15:59:08 +0000  copying file ./assets/src/assets/send2.png ... 
2020-02-24 15:59:08 +0000  10509 bytes for ./assets/src/assets/send2.png
copying file ./assets/src/assets/bonus.png ... 
2020-02-24 15:59:08 +0000  16063 bytes for ./assets/src/assets/bonus.png
copying file ./assets/src/assets/background.png ... 
2020-02-24 15:59:08 +0000  161238 bytes for ./assets/src/assets/background.png
2020-02-24 15:59:08 +0000  copying file ./assets/src/assets/cameraup.png ... 
2020-02-24 15:59:08 +0000  7328 bytes for ./assets/src/assets/cameraup.png
copying file ./assets/src/assets/memberinfo.png ... 
2020-02-24 15:59:08 +0000  1080 bytes for ./assets/src/assets/memberinfo.png
copying file ./assets/src/assets/charge2.png ... 
2020-02-24 15:59:08 +0000  34568 bytes for ./assets/src/assets/charge2.png
2020-02-24 15:59:08 +0000  copying file ./assets/src/assets/share.png ... 
2020-02-24 15:59:08 +0000  8698 bytes for ./assets/src/assets/share.png
2020-02-24 15:59:08 +0000  copying file ./assets/src/assets/tern2.png ... 
2020-02-24 15:59:08 +0000  679974 bytes for ./assets/src/assets/tern2.png
2020-02-24 15:59:08 +0000  copying file ./assets/src/assets/btc.png ... 
2020-02-24 15:59:08 +0000  2589 bytes for ./assets/src/assets/btc.png
2020-02-24 15:59:08 +0000  copying file ./assets/src/assets/send.png ... 
2020-02-24 15:59:08 +0000  16057 bytes for ./assets/src/assets/send.png
copying file ./assets/src/assets/scan.png ... 
705 bytes for ./assets/src/assets/scan.png
copying file ./assets/src/assets/uncheck.png ... 
6802 bytes for ./assets/src/assets/uncheck.png
copying file ./assets/src/assets/ticon.png ... 
2020-02-24 15:59:08 +0000  1309 bytes for ./assets/src/assets/ticon.png
copying file ./assets/src/assets/copy.png ... 
965 bytes for ./assets/src/assets/copy.png
copying file ./Info.plist ... 
2972 bytes for ./Info.plist
copying file ./PkgInfo ... 
8 bytes for ./PkgInfo
copying file ./MaterialIcons.ttf ... 
2020-02-24 15:59:08 +0000  128180 bytes for ./MaterialIcons.ttf
2020-02-24 15:59:08 +0000  /usr/bin/ditto exited with 0
2020-02-24 15:59:08 +0000  Processing step: IDEDistributionEmbedProfileStep
2020-02-24 15:59:08 +0000  Processing step: IDEDistributionItemRemovalStep
2020-02-24 15:59:08 +0000  Processing step: IDEDistributionAppThinningPlistStep
2020-02-24 15:59:08 +0000  Skipping step: IDEDistributionAppThinningPlistStep because it said so
2020-02-24 15:59:08 +0000  Processing step: IDEDistributionCompileBitcodeStep
2020-02-24 15:59:08 +0000  Skipping step: IDEDistributionCompileBitcodeStep because it said so
2020-02-24 15:59:08 +0000  Processing step: IDEDistributionCodeSlimmingStep
2020-02-24 15:59:09 +0000  Processing step: IDEDistributionCopyBCSymbolMapsStep
2020-02-24 15:59:09 +0000  Running /usr/bin/ditto '-V' '/Users/t2349/Library/Developer/Xcode/Archives/2020-02-24/icoin 2-24-20, 10.53 AM.xcarchive/BCSymbolMaps/656C46EE-5E51-3A90-ADE0-8421373A4D8E.bcsymbolmap' '/var/folders/29/xcbl6q4d72v8y5wmrk12d64497njfc/T/XcodeDistPipeline.~~~bSfYEf/Root/BCSymbolMaps/656C46EE-5E51-3A90-ADE0-8421373A4D8E.bcsymbolmap'
2020-02-24 15:59:09 +0000  >>> Copying /Users/t2349/Library/Developer/Xcode/Archives/2020-02-24/icoin 2-24-20, 10.53 AM.xcarchive/BCSymbolMaps/656C46EE-5E51-3A90-ADE0-8421373A4D8E.bcsymbolmap 
copying file ./656C46EE-5E51-3A90-ADE0-8421373A4D8E.bcsymbolmap ... 
2020-02-24 15:59:09 +0000  1115288 bytes for ./656C46EE-5E51-3A90-ADE0-8421373A4D8E.bcsymbolmap
2020-02-24 15:59:09 +0000  /usr/bin/ditto exited with 0
2020-02-24 15:59:09 +0000  Running /usr/bin/ditto '-V' '/Users/t2349/Library/Developer/Xcode/Archives/2020-02-24/icoin 2-24-20, 10.53 AM.xcarchive/BCSymbolMaps/F4811204-5A16-3AC4-A714-607EE5223C0E.bcsymbolmap' '/var/folders/29/xcbl6q4d72v8y5wmrk12d64497njfc/T/XcodeDistPipeline.~~~bSfYEf/Root/BCSymbolMaps/F4811204-5A16-3AC4-A714-607EE5223C0E.bcsymbolmap'
2020-02-24 15:59:09 +0000  >>> Copying /Users/t2349/Library/Developer/Xcode/Archives/2020-02-24/icoin 2-24-20, 10.53 AM.xcarchive/BCSymbolMaps/F4811204-5A16-3AC4-A714-607EE5223C0E.bcsymbolmap 
2020-02-24 15:59:09 +0000  copying file ./F4811204-5A16-3AC4-A714-607EE5223C0E.bcsymbolmap ... 
2020-02-24 15:59:09 +0000  /usr/bin/ditto exited with 0
2020-02-24 15:59:09 +0000  1125409 bytes for ./F4811204-5A16-3AC4-A714-607EE5223C0E.bcsymbolmap
2020-02-24 15:59:09 +0000  Processing step: IDEDistributionSymbolsStep
2020-02-24 15:59:09 +0000  Excluding symbols for TERNWallet.app
2020-02-24 15:59:09 +0000  Processing step: IDEDistributionCopyAppleProvidedContentStep
2020-02-24 15:59:09 +0000  Processing step: IDEDistributionAppThinningStep
2020-02-24 15:59:09 +0000  Skipping step: IDEDistributionAppThinningStep because it said so
2020-02-24 15:59:09 +0000  Processing step: IDEDistributionArchThinningStep
2020-02-24 15:59:09 +0000  Running /Users/t2349/Downloads/Xcode2.app/Contents/Developer/Toolchains/XcodeDefault.xctoolchain/usr/bin/lipo '/var/folders/29/xcbl6q4d72v8y5wmrk12d64497njfc/T/XcodeDistPipeline.~~~bSfYEf/Root/Payload/TERNWallet.app/TERNWallet' '-verify_arch' 'arm64e'
2020-02-24 15:59:09 +0000  /Users/t2349/Downloads/Xcode2.app/Contents/Developer/Toolchains/XcodeDefault.xctoolchain/usr/bin/lipo exited with 1
2020-02-24 15:59:09 +0000  Skipping architecture thinning for item "TERNWallet" because arch "arm64e" wasn't found
2020-02-24 15:59:09 +0000  Processing step: IDEDistributionODRStep
2020-02-24 15:59:09 +0000  Processing step: IDEDistributionStripXattrsStep
2020-02-24 15:59:09 +0000  Running /usr/bin/xattr '-crs' '/var/folders/29/xcbl6q4d72v8y5wmrk12d64497njfc/T/XcodeDistPipeline.~~~bSfYEf/Root/Payload/TERNWallet.app'
2020-02-24 15:59:09 +0000  /usr/bin/xattr exited with 0
2020-02-24 15:59:09 +0000  Processing step: IDEDistributionCodesignStep
2020-02-24 15:59:09 +0000  Entitlements for <IDEDistributionItem: 0x7f900cae7150; bundleID='com.ternio.terno.wallet', path='<DVTFilePath:0x7f8ff7f25040:'/Users/t2349/Library/Developer/Xcode/Archives/2020-02-24/icoin 2-24-20, 10.53 AM.xcarchive/Products/Applications/TERNWallet.app'>', codeSigningInfo='<_DVTCodeSigningInformation_Path: 0x7f8ff8c4faa0; isSigned='1', isAdHocSigned='0', signingCertificate='<DVTSigningCertificate: 0x7f9013cf86c0; name='Apple Distribution: Ternio, LLC ( U.S. ) (88P7HZBFT9)', hash='80FE33EBFBFE6A51E1E5B77CBF5EB8F5566A1F33', serialNumber='38BC420123D389CA', certificateKinds='(
    "1.2.840.113635.100.6.1.4",
    "1.2.840.113635.100.6.1.7"
), issueDate='2019-09-27 17:39:27 +0000''>', entitlements='{
    "application-identifier" = "88P7HZBFT9.com.ternio.terno.wallet";
    "beta-reports-active" = 1;
    "com.apple.developer.team-identifier" = 88P7HZBFT9;
    "get-task-allow" = 0;
    "keychain-access-groups" =     (
        "88P7HZBFT9.com.ternio.terno.wallet"
    );
}', teamID='88P7HZBFT9', identifier='com.ternio.terno.wallet', executablePath='<DVTFilePath:0x7f9012915080:'/Users/t2349/Library/Developer/Xcode/Archives/2020-02-24/icoin 2-24-20, 10.53 AM.xcarchive/Products/Applications/TERNWallet.app/TERNWallet'>', hardenedRuntime='0'>'>: {
    "application-identifier" = "88P7HZBFT9.com.ternio.terno.wallet";
    "beta-reports-active" = 1;
    "com.apple.developer.team-identifier" = 88P7HZBFT9;
    "get-task-allow" = 0;
    "keychain-access-groups" =     (
        "88P7HZBFT9.com.ternio.terno.wallet"
    );
}
2020-02-24 15:59:09 +0000  Writing entitlements for <IDEDistributionItem: 0x7f900cae7150; bundleID='com.ternio.terno.wallet', path='<DVTFilePath:0x7f8ff7f25040:'/Users/t2349/Library/Developer/Xcode/Archives/2020-02-24/icoin 2-24-20, 10.53 AM.xcarchive/Products/Applications/TERNWallet.app'>', codeSigningInfo='<_DVTCodeSigningInformation_Path: 0x7f8ff8c4faa0; isSigned='1', isAdHocSigned='0', signingCertificate='<DVTSigningCertificate: 0x7f8ff6d67960; name='Apple Distribution: Ternio, LLC ( U.S. ) (88P7HZBFT9)', hash='80FE33EBFBFE6A51E1E5B77CBF5EB8F5566A1F33', serialNumber='38BC420123D389CA', certificateKinds='(
    "1.2.840.113635.100.6.1.4",
    "1.2.840.113635.100.6.1.7"
), issueDate='2019-09-27 17:39:27 +0000''>', entitlements='{
    "application-identifier" = "88P7HZBFT9.com.ternio.terno.wallet";
    "beta-reports-active" = 1;
    "com.apple.developer.team-identifier" = 88P7HZBFT9;
    "get-task-allow" = 0;
    "keychain-access-groups" =     (
        "88P7HZBFT9.com.ternio.terno.wallet"
    );
}', teamID='88P7HZBFT9', identifier='com.ternio.terno.wallet', executablePath='<DVTFilePath:0x7f9012915080:'/Users/t2349/Library/Developer/Xcode/Archives/2020-02-24/icoin 2-24-20, 10.53 AM.xcarchive/Products/Applications/TERNWallet.app/TERNWallet'>', hardenedRuntime='0'>'> to: /var/folders/29/xcbl6q4d72v8y5wmrk12d64497njfc/T/XcodeDistPipeline.~~~bSfYEf/entitlements~~~Bs8Whj
2020-02-24 15:59:09 +0000  Running /usr/bin/codesign '-vvv' '--force' '--sign' '80FE33EBFBFE6A51E1E5B77CBF5EB8F5566A1F33' '--entitlements' '/var/folders/29/xcbl6q4d72v8y5wmrk12d64497njfc/T/XcodeDistPipeline.~~~bSfYEf/entitlements~~~Bs8Whj' '--preserve-metadata=identifier,flags,runtime' '/var/folders/29/xcbl6q4d72v8y5wmrk12d64497njfc/T/XcodeDistPipeline.~~~bSfYEf/Root/Payload/TERNWallet.app'
2020-02-24 15:59:10 +0000  /var/folders/29/xcbl6q4d72v8y5wmrk12d64497njfc/T/XcodeDistPipeline.~~~bSfYEf/Root/Payload/TERNWallet.app: signed app bundle with Mach-O universal (armv7 arm64) [com.ternio.terno.wallet]
2020-02-24 15:59:10 +0000  /usr/bin/codesign exited with 0
2020-02-24 15:59:10 +0000  Processing step: IDEDistributionZipODRItemStep
2020-02-24 15:59:10 +0000  Skipping step: IDEDistributionZipODRItemStep because it said so
2020-02-24 15:59:10 +0000  Processing step: IDEDistributionCreateIPAStep
2020-02-24 15:59:10 +0000  Running /usr/bin/ditto '-V' '-c' '-k' '--norsrc' '/var/folders/29/xcbl6q4d72v8y5wmrk12d64497njfc/T/XcodeDistPipeline.~~~bSfYEf/Root' '/var/folders/29/xcbl6q4d72v8y5wmrk12d64497njfc/T/XcodeDistPipeline.~~~bSfYEf/Packages/icoin.ipa'
2020-02-24 15:59:10 +0000  >>> Copying /var/folders/29/xcbl6q4d72v8y5wmrk12d64497njfc/T/XcodeDistPipeline.~~~bSfYEf/Root 
2020-02-24 15:59:10 +0000  copying file ./BCSymbolMaps/F4811204-5A16-3AC4-A714-607EE5223C0E.bcsymbolmap ... 
2020-02-24 15:59:10 +0000  1125409 bytes for ./BCSymbolMaps/F4811204-5A16-3AC4-A714-607EE5223C0E.bcsymbolmap
copying file ./BCSymbolMaps/656C46EE-5E51-3A90-ADE0-8421373A4D8E.bcsymbolmap ... 
2020-02-24 15:59:10 +0000  1115288 bytes for ./BCSymbolMaps/656C46EE-5E51-3A90-ADE0-8421373A4D8E.bcsymbolmap
2020-02-24 15:59:10 +0000  copying file ./Payload/TERNWallet.app/_CodeSignature/CodeResources ... 
2020-02-24 15:59:10 +0000  37397 bytes for ./Payload/TERNWallet.app/_CodeSignature/CodeResources
copying file ./Payload/TERNWallet.app/Octicons.ttf ... 
2020-02-24 15:59:10 +0000  27520 bytes for ./Payload/TERNWallet.app/Octicons.ttf
copying file ./Payload/TERNWallet.app/Feather.ttf ... 
2020-02-24 15:59:10 +0000  55288 bytes for ./Payload/TERNWallet.app/Feather.ttf
2020-02-24 15:59:10 +0000  copying file ./Payload/TERNWallet.app/AppIcon20x20@2x.png ... 
2020-02-24 15:59:10 +0000  2592 bytes for ./Payload/TERNWallet.app/AppIcon20x20@2x.png
copying file ./Payload/TERNWallet.app/Entypo.ttf ... 
2020-02-24 15:59:10 +0000  65584 bytes for ./Payload/TERNWallet.app/Entypo.ttf
2020-02-24 15:59:10 +0000  copying file ./Payload/TERNWallet.app/AppIcon20x20@3x.png ... 
2020-02-24 15:59:10 +0000  5158 bytes for ./Payload/TERNWallet.app/AppIcon20x20@3x.png
copying file ./Payload/TERNWallet.app/TERNWallet ... 
2020-02-24 15:59:13 +0000  36003952 bytes for ./Payload/TERNWallet.app/TERNWallet
copying file ./Payload/TERNWallet.app/MaterialCommunityIcons.ttf ... 
2020-02-24 15:59:13 +0000  322456 bytes for ./Payload/TERNWallet.app/MaterialCommunityIcons.ttf
copying file ./Payload/TERNWallet.app/AppIcon60x60@2x.png ... 
18437 bytes for ./Payload/TERNWallet.app/AppIcon60x60@2x.png
copying file ./Payload/TERNWallet.app/AppIcon29x29@2x.png ... 
4829 bytes for ./Payload/TERNWallet.app/AppIcon29x29@2x.png
2020-02-24 15:59:13 +0000  copying file ./Payload/TERNWallet.app/Launch Screen.storyboardc/01J-lp-oVM-view-Ze5-6b-2t3.nib/objects-13.0+.nib ... 
1651 bytes for ./Payload/TERNWallet.app/Launch Screen.storyboardc/01J-lp-oVM-view-Ze5-6b-2t3.nib/objects-13.0+.nib
copying file ./Payload/TERNWallet.app/Launch Screen.storyboardc/01J-lp-oVM-view-Ze5-6b-2t3.nib/runtime.nib ... 
2472 bytes for ./Payload/TERNWallet.app/Launch Screen.storyboardc/01J-lp-oVM-view-Ze5-6b-2t3.nib/runtime.nib
copying file ./Payload/TERNWallet.app/Launch Screen.storyboardc/UIViewController-01J-lp-oVM.nib/objects-13.0+.nib ... 
896 bytes for ./Payload/TERNWallet.app/Launch Screen.storyboardc/UIViewController-01J-lp-oVM.nib/objects-13.0+.nib
copying file ./Payload/TERNWallet.app/Launch Screen.storyboardc/UIViewController-01J-lp-oVM.nib/runtime.nib ... 
896 bytes for ./Payload/TERNWallet.app/Launch Screen.storyboardc/UIViewController-01J-lp-oVM.nib/runtime.nib
copying file ./Payload/TERNWallet.app/Launch Screen.storyboardc/Info.plist ... 
258 bytes for ./Payload/TERNWallet.app/Launch Screen.storyboardc/Info.plist
copying file ./Payload/TERNWallet.app/AppIcon40x40@3x.png ... 
18437 bytes for ./Payload/TERNWallet.app/AppIcon40x40@3x.png
copying file ./Payload/TERNWallet.app/Foundation.ttf ... 
2020-02-24 15:59:13 +0000  56976 bytes for ./Payload/TERNWallet.app/Foundation.ttf
2020-02-24 15:59:13 +0000  copying file ./Payload/TERNWallet.app/Ionicons.ttf ... 
2020-02-24 15:59:13 +0000  143936 bytes for ./Payload/TERNWallet.app/Ionicons.ttf
2020-02-24 15:59:13 +0000  copying file ./Payload/TERNWallet.app/AppIcon40x40@2x.png ... 
2020-02-24 15:59:13 +0000  8798 bytes for ./Payload/TERNWallet.app/AppIcon40x40@2x.png
copying file ./Payload/TERNWallet.app/AppIcon29x29@3x.png ... 
2020-02-24 15:59:13 +0000  10267 bytes for ./Payload/TERNWallet.app/AppIcon29x29@3x.png
2020-02-24 15:59:13 +0000  copying file ./Payload/TERNWallet.app/AppIcon60x60@3x.png ... 
2020-02-24 15:59:13 +0000  39144 bytes for ./Payload/TERNWallet.app/AppIcon60x60@3x.png
2020-02-24 15:59:13 +0000  copying file ./Payload/TERNWallet.app/FontAwesome.ttf ... 
2020-02-24 15:59:13 +0000  165548 bytes for ./Payload/TERNWallet.app/FontAwesome.ttf
2020-02-24 15:59:13 +0000  copying file ./Payload/TERNWallet.app/Zocial.ttf ... 
2020-02-24 15:59:13 +0000  25552 bytes for ./Payload/TERNWallet.app/Zocial.ttf
copying file ./Payload/TERNWallet.app/Assets.car ... 
2020-02-24 15:59:13 +0000  1998256 bytes for ./Payload/TERNWallet.app/Assets.car
copying file ./Payload/TERNWallet.app/EvilIcons.ttf ... 
13128 bytes for ./Payload/TERNWallet.app/EvilIcons.ttf
copying file ./Payload/TERNWallet.app/main.jsbundle ... 
2020-02-24 15:59:13 +0000  4064109 bytes for ./Payload/TERNWallet.app/main.jsbundle
copying file ./Payload/TERNWallet.app/SimpleLineIcons.ttf ... 
2020-02-24 15:59:13 +0000  54056 bytes for ./Payload/TERNWallet.app/SimpleLineIcons.ttf
copying file ./Payload/TERNWallet.app/embedded.mobileprovision ... 
7450 bytes for ./Payload/TERNWallet.app/embedded.mobileprovision
copying file ./Payload/TERNWallet.app/assets/node_modules/elliptic/package.json ... 
3014 bytes for ./Payload/TERNWallet.app/assets/node_modules/elliptic/package.json
2020-02-24 15:59:13 +0000  copying file ./Payload/TERNWallet.app/assets/node_modules/css-tree/dist/default-syntax.json ... 
2020-02-24 15:59:13 +0000  57784 bytes for ./Payload/TERNWallet.app/assets/node_modules/css-tree/dist/default-syntax.json
2020-02-24 15:59:13 +0000  copying file ./Payload/TERNWallet.app/assets/node_modules/bitcoin-ops/index.json ... 
2020-02-24 15:59:13 +0000  2309 bytes for ./Payload/TERNWallet.app/assets/node_modules/bitcoin-ops/index.json
2020-02-24 15:59:13 +0000  copying file ./Payload/TERNWallet.app/assets/node_modules/diffie-hellman/lib/primes.json ... 
2020-02-24 15:59:13 +0000  7231 bytes for ./Payload/TERNWallet.app/assets/node_modules/diffie-hellman/lib/primes.json
2020-02-24 15:59:13 +0000  copying file ./Payload/TERNWallet.app/assets/node_modules/react-navigation-stack/lib/module/vendor/views/assets/back-icon@3x.png ... 
761 bytes for ./Payload/TERNWallet.app/assets/node_modules/react-navigation-stack/lib/module/vendor/views/assets/back-icon@3x.png
copying file ./Payload/TERNWallet.app/assets/node_modules/react-navigation-stack/lib/module/vendor/views/assets/back-icon@2x.png ... 
405 bytes for ./Payload/TERNWallet.app/assets/node_modules/react-navigation-stack/lib/module/vendor/views/assets/back-icon@2x.png
copying file ./Payload/TERNWallet.app/assets/node_modules/react-navigation-stack/lib/module/vendor/views/assets/back-icon.png ... 
290 bytes for ./Payload/TERNWallet.app/assets/node_modules/react-navigation-stack/lib/module/vendor/views/assets/back-icon.png
copying file ./Payload/TERNWallet.app/assets/node_modules/react-navigation-stack/lib/module/vendor/views/assets/back-icon-mask.png ... 
2020-02-24 15:59:13 +0000  913 bytes for ./Payload/TERNWallet.app/assets/node_modules/react-navigation-stack/lib/module/vendor/views/assets/back-icon-mask.png
2020-02-24 15:59:13 +0000  copying file ./Payload/TERNWallet.app/assets/node_modules/react-native-vector-icons/dist/glyphmaps/Ionicons.json ... 
2020-02-24 15:59:13 +0000  25293 bytes for ./Payload/TERNWallet.app/assets/node_modules/react-native-vector-icons/dist/glyphmaps/Ionicons.json
copying file ./Payload/TERNWallet.app/assets/node_modules/react-native-vector-icons/dist/glyphmaps/EvilIcons.json ... 
1454 bytes for ./Payload/TERNWallet.app/assets/node_modules/react-native-vector-icons/dist/glyphmaps/EvilIcons.json
copying file ./Payload/TERNWallet.app/assets/node_modules/react-native-vector-icons/dist/glyphmaps/Octicons.json ... 
3813 bytes for ./Payload/TERNWallet.app/assets/node_modules/react-native-vector-icons/dist/glyphmaps/Octicons.json
copying file ./Payload/TERNWallet.app/assets/node_modules/react-native-vector-icons/dist/glyphmaps/FontAwesome.json ... 
17437 bytes for ./Payload/TERNWallet.app/assets/node_modules/react-native-vector-icons/dist/glyphmaps/FontAwesome.json
copying file ./Payload/TERNWallet.app/assets/node_modules/react-native-vector-icons/dist/glyphmaps/MaterialIcons.json ... 
22815 bytes for ./Payload/TERNWallet.app/assets/node_modules/react-native-vector-icons/dist/glyphmaps/MaterialIcons.json
copying file ./Payload/TERNWallet.app/assets/node_modules/react-native-vector-icons/dist/glyphmaps/Entypo.json ... 
9486 bytes for ./Payload/TERNWallet.app/assets/node_modules/react-native-vector-icons/dist/glyphmaps/Entypo.json
copying file ./Payload/TERNWallet.app/assets/node_modules/react-native-vector-icons/dist/glyphmaps/Feather.json ... 
5086 bytes for ./Payload/TERNWallet.app/assets/node_modules/react-native-vector-icons/dist/glyphmaps/Feather.json
copying file ./Payload/TERNWallet.app/assets/node_modules/react-native-vector-icons/dist/glyphmaps/MaterialCommunityIcons.json ... 
2020-02-24 15:59:13 +0000  56795 bytes for ./Payload/TERNWallet.app/assets/node_modules/react-native-vector-icons/dist/glyphmaps/MaterialCommunityIcons.json
2020-02-24 15:59:13 +0000  copying file ./Payload/TERNWallet.app/assets/node_modules/react-native-vector-icons/dist/glyphmaps/Foundation.json ... 
2020-02-24 15:59:13 +0000  6417 bytes for ./Payload/TERNWallet.app/assets/node_modules/react-native-vector-icons/dist/glyphmaps/Foundation.json
copying file ./Payload/TERNWallet.app/assets/node_modules/react-native-vector-icons/dist/glyphmaps/Zocial.json ... 
2020-02-24 15:59:13 +0000  2013 bytes for ./Payload/TERNWallet.app/assets/node_modules/react-native-vector-icons/dist/glyphmaps/Zocial.json
2020-02-24 15:59:13 +0000  copying file ./Payload/TERNWallet.app/assets/node_modules/react-native-vector-icons/glyphmaps/SimpleLineIcons.json ... 
2020-02-24 15:59:13 +0000  4102 bytes for ./Payload/TERNWallet.app/assets/node_modules/react-native-vector-icons/glyphmaps/SimpleLineIcons.json
copying file ./Payload/TERNWallet.app/assets/node_modules/browserify-sign/browser/curves.json ... 
178 bytes for ./Payload/TERNWallet.app/assets/node_modules/browserify-sign/browser/curves.json
copying file ./Payload/TERNWallet.app/assets/node_modules/browserify-sign/browser/algorithms.json ... 
2863 bytes for ./Payload/TERNWallet.app/assets/node_modules/browserify-sign/browser/algorithms.json
2020-02-24 15:59:13 +0000  copying file ./Payload/TERNWallet.app/assets/node_modules/parse-asn1/aesid.json ... 
2020-02-24 15:59:13 +0000  501 bytes for ./Payload/TERNWallet.app/assets/node_modules/parse-asn1/aesid.json
2020-02-24 15:59:13 +0000  copying file ./Payload/TERNWallet.app/assets/node_modules/browserify-aes/modes/list.json ... 
2020-02-24 15:59:13 +0000  3087 bytes for ./Payload/TERNWallet.app/assets/node_modules/browserify-aes/modes/list.json
2020-02-24 15:59:13 +0000  copying file ./Payload/TERNWallet.app/assets/node_modules/react-native-dropdownalert/assets/info.png ... 
2020-02-24 15:59:13 +0000  485 bytes for ./Payload/TERNWallet.app/assets/node_modules/react-native-dropdownalert/assets/info.png
2020-02-24 15:59:13 +0000  copying file ./Payload/TERNWallet.app/assets/node_modules/react-native-dropdownalert/assets/error@3x.png ... 
2020-02-24 15:59:13 +0000  1500 bytes for ./Payload/TERNWallet.app/assets/node_modules/react-native-dropdownalert/assets/error@3x.png
copying file ./Payload/TERNWallet.app/assets/node_modules/react-native-dropdownalert/assets/warn@3x.png ... 
2020-02-24 15:59:13 +0000  691 bytes for ./Payload/TERNWallet.app/assets/node_modules/react-native-dropdownalert/assets/warn@3x.png
copying file ./Payload/TERNWallet.app/assets/node_modules/react-native-dropdownalert/assets/warn@2x.png ... 
2020-02-24 15:59:13 +0000  473 bytes for ./Payload/TERNWallet.app/assets/node_modules/react-native-dropdownalert/assets/warn@2x.png
copying file ./Payload/TERNWallet.app/assets/node_modules/react-native-dropdownalert/assets/error@2x.png ... 
2020-02-24 15:59:13 +0000  979 bytes for ./Payload/TERNWallet.app/assets/node_modules/react-native-dropdownalert/assets/error@2x.png
copying file ./Payload/TERNWallet.app/assets/node_modules/react-native-dropdownalert/assets/info@3x.png ... 
1483 bytes for ./Payload/TERNWallet.app/assets/node_modules/react-native-dropdownalert/assets/info@3x.png
copying file ./Payload/TERNWallet.app/assets/node_modules/react-native-dropdownalert/assets/cancel@3x.png ... 
1119 bytes for ./Payload/TERNWallet.app/assets/node_modules/react-native-dropdownalert/assets/cancel@3x.png
copying file ./Payload/TERNWallet.app/assets/node_modules/react-native-dropdownalert/assets/cancel.png ... 
414 bytes for ./Payload/TERNWallet.app/assets/node_modules/react-native-dropdownalert/assets/cancel.png
copying file ./Payload/TERNWallet.app/assets/node_modules/react-native-dropdownalert/assets/success@2x.png ... 
734 bytes for ./Payload/TERNWallet.app/assets/node_modules/react-native-dropdownalert/assets/success@2x.png
copying file ./Payload/TERNWallet.app/assets/node_modules/react-native-dropdownalert/assets/success@3x.png ... 
2020-02-24 15:59:13 +0000  1028 bytes for ./Payload/TERNWallet.app/assets/node_modules/react-native-dropdownalert/assets/success@3x.png
copying file ./Payload/TERNWallet.app/assets/node_modules/react-native-dropdownalert/assets/cancel@2x.png ... 
2020-02-24 15:59:13 +0000  754 bytes for ./Payload/TERNWallet.app/assets/node_modules/react-native-dropdownalert/assets/cancel@2x.png
copying file ./Payload/TERNWallet.app/assets/node_modules/react-native-dropdownalert/assets/info@2x.png ... 
953 bytes for ./Payload/TERNWallet.app/assets/node_modules/react-native-dropdownalert/assets/info@2x.png
copying file ./Payload/TERNWallet.app/assets/node_modules/react-native-dropdownalert/assets/error.png ... 
2020-02-24 15:59:13 +0000  492 bytes for ./Payload/TERNWallet.app/assets/node_modules/react-native-dropdownalert/assets/error.png
copying file ./Payload/TERNWallet.app/assets/node_modules/react-native-dropdownalert/assets/success.png ... 
2020-02-24 15:59:13 +0000  459 bytes for ./Payload/TERNWallet.app/assets/node_modules/react-native-dropdownalert/assets/success.png
copying file ./Payload/TERNWallet.app/assets/node_modules/react-native-dropdownalert/assets/warn.png ... 
2020-02-24 15:59:13 +0000  325 bytes for ./Payload/TERNWallet.app/assets/node_modules/react-native-dropdownalert/assets/warn.png
2020-02-24 15:59:13 +0000  copying file ./Payload/TERNWallet.app/assets/node_modules/react-native-svg/node_modules/css-select/lib/procedure.json ... 
2020-02-24 15:59:13 +0000  145 bytes for ./Payload/TERNWallet.app/assets/node_modules/react-native-svg/node_modules/css-select/lib/procedure.json
2020-02-24 15:59:13 +0000  copying file ./Payload/TERNWallet.app/assets/node_modules/entities/maps/xml.json ... 
53 bytes for ./Payload/TERNWallet.app/assets/node_modules/entities/maps/xml.json
copying file ./Payload/TERNWallet.app/assets/node_modules/entities/maps/decode.json ... 
2020-02-24 15:59:13 +0000  298 bytes for ./Payload/TERNWallet.app/assets/node_modules/entities/maps/decode.json
copying file ./Payload/TERNWallet.app/assets/node_modules/entities/maps/entities.json ... 
2020-02-24 15:59:13 +0000  40616 bytes for ./Payload/TERNWallet.app/assets/node_modules/entities/maps/entities.json
2020-02-24 15:59:13 +0000  copying file ./Payload/TERNWallet.app/assets/node_modules/entities/maps/legacy.json ... 
1747 bytes for ./Payload/TERNWallet.app/assets/node_modules/entities/maps/legacy.json
2020-02-24 15:59:13 +0000  copying file ./Payload/TERNWallet.app/assets/node_modules/tiny-secp256k1/node_modules/elliptic/package.json ... 
2020-02-24 15:59:13 +0000  3177 bytes for ./Payload/TERNWallet.app/assets/node_modules/tiny-secp256k1/node_modules/elliptic/package.json
2020-02-24 15:59:13 +0000  copying file ./Payload/TERNWallet.app/assets/src/common/constants/usdtabi.json ... 
2020-02-24 15:59:13 +0000  17459 bytes for ./Payload/TERNWallet.app/assets/src/common/constants/usdtabi.json
2020-02-24 15:59:13 +0000  copying file ./Payload/TERNWallet.app/assets/src/assets/sponsor.png ... 
2020-02-24 15:59:13 +0000  1087 bytes for ./Payload/TERNWallet.app/assets/src/assets/sponsor.png
copying file ./Payload/TERNWallet.app/assets/src/assets/check.png ... 
2020-02-24 15:59:13 +0000  10521 bytes for ./Payload/TERNWallet.app/assets/src/assets/check.png
copying file ./Payload/TERNWallet.app/assets/src/assets/blockcard2.png ... 
2020-02-24 15:59:13 +0000  900252 bytes for ./Payload/TERNWallet.app/assets/src/assets/blockcard2.png
copying file ./Payload/TERNWallet.app/assets/src/assets/background2.png ... 
2020-02-24 15:59:13 +0000  264344 bytes for ./Payload/TERNWallet.app/assets/src/assets/background2.png
2020-02-24 15:59:13 +0000  copying file ./Payload/TERNWallet.app/assets/src/assets/keepsecret.png ... 
939 bytes for ./Payload/TERNWallet.app/assets/src/assets/keepsecret.png
copying file ./Payload/TERNWallet.app/assets/src/assets/ch.png ... 
2020-02-24 15:59:13 +0000  17226 bytes for ./Payload/TERNWallet.app/assets/src/assets/ch.png
copying file ./Payload/TERNWallet.app/assets/src/assets/icoin.png ... 
2020-02-24 15:59:13 +0000  3685 bytes for ./Payload/TERNWallet.app/assets/src/assets/icoin.png
2020-02-24 15:59:13 +0000  copying file ./Payload/TERNWallet.app/assets/src/assets/getpay.png ... 
2371 bytes for ./Payload/TERNWallet.app/assets/src/assets/getpay.png
2020-02-24 15:59:13 +0000  copying file ./Payload/TERNWallet.app/assets/src/assets/charge.png ... 
2020-02-24 15:59:13 +0000  147596 bytes for ./Payload/TERNWallet.app/assets/src/assets/charge.png
copying file ./Payload/TERNWallet.app/assets/src/assets/lock.png ... 
2020-02-24 15:59:13 +0000  1158 bytes for ./Payload/TERNWallet.app/assets/src/assets/lock.png
copying file ./Payload/TERNWallet.app/assets/src/assets/tern.png ... 
2020-02-24 15:59:13 +0000  7314 bytes for ./Payload/TERNWallet.app/assets/src/assets/tern.png
copying file ./Payload/TERNWallet.app/assets/src/assets/back-icon.png ... 
2020-02-24 15:59:13 +0000  816 bytes for ./Payload/TERNWallet.app/assets/src/assets/back-icon.png
copying file ./Payload/TERNWallet.app/assets/src/assets/xlm.png ... 
2020-02-24 15:59:13 +0000  4251 bytes for ./Payload/TERNWallet.app/assets/src/assets/xlm.png
copying file ./Payload/TERNWallet.app/assets/src/assets/en.png ... 
2020-02-24 15:59:13 +0000  70282 bytes for ./Payload/TERNWallet.app/assets/src/assets/en.png
copying file ./Payload/TERNWallet.app/assets/src/assets/eth2.png ... 
2867 bytes for ./Payload/TERNWallet.app/assets/src/assets/eth2.png
copying file ./Payload/TERNWallet.app/assets/src/assets/usdteth.png ... 
1224 bytes for ./Payload/TERNWallet.app/assets/src/assets/usdteth.png
copying file ./Payload/TERNWallet.app/assets/src/assets/eth.png ... 
2851 bytes for ./Payload/TERNWallet.app/assets/src/assets/eth.png
copying file ./Payload/TERNWallet.app/assets/src/assets/send2.png ... 
10509 bytes for ./Payload/TERNWallet.app/assets/src/assets/send2.png
copying file ./Payload/TERNWallet.app/assets/src/assets/bonus.png ... 
16063 bytes for ./Payload/TERNWallet.app/assets/src/assets/bonus.png
copying file ./Payload/TERNWallet.app/assets/src/assets/background.png ... 
2020-02-24 15:59:13 +0000  161238 bytes for ./Payload/TERNWallet.app/assets/src/assets/background.png
copying file ./Payload/TERNWallet.app/assets/src/assets/cameraup.png ... 
7328 bytes for ./Payload/TERNWallet.app/assets/src/assets/cameraup.png
copying file ./Payload/TERNWallet.app/assets/src/assets/memberinfo.png ... 
2020-02-24 15:59:13 +0000  1080 bytes for ./Payload/TERNWallet.app/assets/src/assets/memberinfo.png
copying file ./Payload/TERNWallet.app/assets/src/assets/charge2.png ... 
34568 bytes for ./Payload/TERNWallet.app/assets/src/assets/charge2.png
copying file ./Payload/TERNWallet.app/assets/src/assets/share.png ... 
8698 bytes for ./Payload/TERNWallet.app/assets/src/assets/share.png
copying file ./Payload/TERNWallet.app/assets/src/assets/tern2.png ... 
2020-02-24 15:59:13 +0000  679974 bytes for ./Payload/TERNWallet.app/assets/src/assets/tern2.png
copying file ./Payload/TERNWallet.app/assets/src/assets/btc.png ... 
2020-02-24 15:59:13 +0000  2589 bytes for ./Payload/TERNWallet.app/assets/src/assets/btc.png
copying file ./Payload/TERNWallet.app/assets/src/assets/send.png ... 
2020-02-24 15:59:13 +0000  16057 bytes for ./Payload/TERNWallet.app/assets/src/assets/send.png
copying file ./Payload/TERNWallet.app/assets/src/assets/scan.png ... 
2020-02-24 15:59:13 +0000  705 bytes for ./Payload/TERNWallet.app/assets/src/assets/scan.png
copying file ./Payload/TERNWallet.app/assets/src/assets/uncheck.png ... 
6802 bytes for ./Payload/TERNWallet.app/assets/src/assets/uncheck.png
copying file ./Payload/TERNWallet.app/assets/src/assets/ticon.png ... 
1309 bytes for ./Payload/TERNWallet.app/assets/src/assets/ticon.png
copying file ./Payload/TERNWallet.app/assets/src/assets/copy.png ... 
965 bytes for ./Payload/TERNWallet.app/assets/src/assets/copy.png
copying file ./Payload/TERNWallet.app/Info.plist ... 
2972 bytes for ./Payload/TERNWallet.app/Info.plist
copying file ./Payload/TERNWallet.app/PkgInfo ... 
8 bytes for ./Payload/TERNWallet.app/PkgInfo
copying file ./Payload/TERNWallet.app/MaterialIcons.ttf ... 
2020-02-24 15:59:13 +0000  128180 bytes for ./Payload/TERNWallet.app/MaterialIcons.ttf
2020-02-24 15:59:13 +0000  /usr/bin/ditto exited with 0
2020-02-24 15:59:13 +0000  Processing step: IDEDistributionAppStoreInformationStep
2020-02-24 15:59:13 +0000  Skipping step: IDEDistributionAppStoreInformationStep because it said so
2020-02-24 15:59:13 +0000  Processing step: IDEDistributionGenerateProcessedDistributionItems
2020-02-24 15:59:13 +0000  Processing step: IDEDistributionCreateManifestStep
2020-02-24 15:59:13 +0000  Skipping step: IDEDistributionCreateManifestStep because it said so
